# JRE version: Java(TM) SE Runtime Environment (7.0_80-b15) (build 1.7.0_80-b15)
# Java VM: Java HotSpot(TM) 64-Bit Server VM (24.80-b11 mixed mode windows-amd64 compressed oops)
Heap
 PSYoungGen      total 62976K, used 44177K [0x00000000eaa80000, 0x00000000f3580000, 0x0000000100000000)
  eden space 58368K, 67% used [0x00000000eaa80000,0x00000000ed1277d0,0x00000000ee380000)
  from space 4608K, 99% used [0x00000000ee380000,0x00000000ee7fd010,0x00000000ee800000)
  to   space 12800K, 0% used [0x00000000f2900000,0x00000000f2900000,0x00000000f3580000)
 ParOldGen       total 75776K, used 13749K [0x00000000c0000000, 0x00000000c4a00000, 0x00000000eaa80000)
  object space 75776K, 18% used [0x00000000c0000000,0x00000000c0d6d660,0x00000000c4a00000)
 PSPermGen       total 27136K, used 26936K [0x00000000b0000000, 0x00000000b1a80000, 0x00000000c0000000)
  object space 27136K, 99% used [0x00000000b0000000,0x00000000b1a4e258,0x00000000b1a80000)
GC Heap History (10 events):
Event: 1.791 GC heap before
{Heap before GC invocations=1 (full 0):
 PSYoungGen      total 33792K, used 29184K [0x00000000eaa80000, 0x00000000ed000000, 0x0000000100000000)
  eden space 29184K, 100% used [0x00000000eaa80000,0x00000000ec700000,0x00000000ec700000)
  from space 4608K, 0% used [0x00000000ecb80000,0x00000000ecb80000,0x00000000ed000000)
  to   space 4608K, 0% used [0x00000000ec700000,0x00000000ec700000,0x00000000ecb80000)
 ParOldGen       total 75776K, used 0K [0x00000000c0000000, 0x00000000c4a00000, 0x00000000eaa80000)
  object space 75776K, 0% used [0x00000000c0000000,0x00000000c0000000,0x00000000c4a00000)
 PSPermGen       total 21504K, used 5641K [0x00000000b0000000, 0x00000000b1500000, 0x00000000c0000000)
  object space 21504K, 26% used [0x00000000b0000000,0x00000000b0582550,0x00000000b1500000)
Event: 1.801 GC heap after
Heap after GC invocations=1 (full 0):
 PSYoungGen      total 33792K, used 3735K [0x00000000eaa80000, 0x00000000ed000000, 0x0000000100000000)
  eden space 29184K, 0% used [0x00000000eaa80000,0x00000000eaa80000,0x00000000ec700000)
  from space 4608K, 81% used [0x00000000ec700000,0x00000000ecaa5d58,0x00000000ecb80000)
  to   space 4608K, 0% used [0x00000000ecb80000,0x00000000ecb80000,0x00000000ed000000)
 ParOldGen       total 75776K, used 8K [0x00000000c0000000, 0x00000000c4a00000, 0x00000000eaa80000)
  object space 75776K, 0% used [0x00000000c0000000,0x00000000c0002000,0x00000000c4a00000)
 PSPermGen       total 21504K, used 5641K [0x00000000b0000000, 0x00000000b1500000, 0x00000000c0000000)
  object space 21504K, 26% used [0x00000000b0000000,0x00000000b0582550,0x00000000b1500000)
}
Event: 3.207 GC heap before
{Heap before GC invocations=2 (full 0):
 PSYoungGen      total 33792K, used 32919K [0x00000000eaa80000, 0x00000000ed000000, 0x0000000100000000)
  eden space 29184K, 100% used [0x00000000eaa80000,0x00000000ec700000,0x00000000ec700000)
  from space 4608K, 81% used [0x00000000ec700000,0x00000000ecaa5d58,0x00000000ecb80000)
  to   space 4608K, 0% used [0x00000000ecb80000,0x00000000ecb80000,0x00000000ed000000)
 ParOldGen       total 75776K, used 8K [0x00000000c0000000, 0x00000000c4a00000, 0x00000000eaa80000)
  object space 75776K, 0% used [0x00000000c0000000,0x00000000c0002000,0x00000000c4a00000)
 PSPermGen       total 21504K, used 10698K [0x00000000b0000000, 0x00000000b1500000, 0x00000000c0000000)
  object space 21504K, 49% used [0x00000000b0000000,0x00000000b0a72ba0,0x00000000b1500000)
Event: 3.219 GC heap after
Heap after GC invocations=2 (full 0):
 PSYoungGen      total 33792K, used 4596K [0x00000000eaa80000, 0x00000000ed000000, 0x0000000100000000)
  eden space 29184K, 0% used [0x00000000eaa80000,0x00000000eaa80000,0x00000000ec700000)
  from space 4608K, 99% used [0x00000000ecb80000,0x00000000ecffd1d8,0x00000000ed000000)
  to   space 4608K, 0% used [0x00000000ec700000,0x00000000ec700000,0x00000000ecb80000)
 ParOldGen       total 75776K, used 86K [0x00000000c0000000, 0x00000000c4a00000, 0x00000000eaa80000)
  object space 75776K, 0% used [0x00000000c0000000,0x00000000c00159b0,0x00000000c4a00000)
 PSPermGen       total 21504K, used 10698K [0x00000000b0000000, 0x00000000b1500000, 0x00000000c0000000)
  object space 21504K, 49% used [0x00000000b0000000,0x00000000b0a72ba0,0x00000000b1500000)
}
Event: 4.390 GC heap before
{Heap before GC invocations=3 (full 0):
 PSYoungGen      total 33792K, used 33780K [0x00000000eaa80000, 0x00000000ed000000, 0x0000000100000000)
  eden space 29184K, 100% used [0x00000000eaa80000,0x00000000ec700000,0x00000000ec700000)
  from space 4608K, 99% used [0x00000000ecb80000,0x00000000ecffd1d8,0x00000000ed000000)
  to   space 4608K, 0% used [0x00000000ec700000,0x00000000ec700000,0x00000000ecb80000)
 ParOldGen       total 75776K, used 86K [0x00000000c0000000, 0x00000000c4a00000, 0x00000000eaa80000)
  object space 75776K, 0% used [0x00000000c0000000,0x00000000c00159b0,0x00000000c4a00000)
 PSPermGen       total 21504K, used 16775K [0x00000000b0000000, 0x00000000b1500000, 0x00000000c0000000)
  object space 21504K, 78% used [0x00000000b0000000,0x00000000b1061c00,0x00000000b1500000)
Event: 4.416 GC heap after
Heap after GC invocations=3 (full 0):
 PSYoungGen      total 33792K, used 4592K [0x00000000eaa80000, 0x00000000eec80000, 0x0000000100000000)
  eden space 29184K, 0% used [0x00000000eaa80000,0x00000000eaa80000,0x00000000ec700000)
  from space 4608K, 99% used [0x00000000ec700000,0x00000000ecb7c010,0x00000000ecb80000)
  to   space 4608K, 0% used [0x00000000ee800000,0x00000000ee800000,0x00000000eec80000)
 ParOldGen       total 75776K, used 3745K [0x00000000c0000000, 0x00000000c4a00000, 0x00000000eaa80000)
  object space 75776K, 4% used [0x00000000c0000000,0x00000000c03a85a0,0x00000000c4a00000)
 PSPermGen       total 21504K, used 16775K [0x00000000b0000000, 0x00000000b1500000, 0x00000000c0000000)
  object space 21504K, 78% used [0x00000000b0000000,0x00000000b1061c00,0x00000000b1500000)
}
Event: 6.011 GC heap before
{Heap before GC invocations=4 (full 0):
 PSYoungGen      total 33792K, used 33776K [0x00000000eaa80000, 0x00000000eec80000, 0x0000000100000000)
  eden space 29184K, 100% used [0x00000000eaa80000,0x00000000ec700000,0x00000000ec700000)
  from space 4608K, 99% used [0x00000000ec700000,0x00000000ecb7c010,0x00000000ecb80000)
  to   space 4608K, 0% used [0x00000000ee800000,0x00000000ee800000,0x00000000eec80000)
 ParOldGen       total 75776K, used 3745K [0x00000000c0000000, 0x00000000c4a00000, 0x00000000eaa80000)
  object space 75776K, 4% used [0x00000000c0000000,0x00000000c03a85a0,0x00000000c4a00000)
 PSPermGen       total 21504K, used 19893K [0x00000000b0000000, 0x00000000b1500000, 0x00000000c0000000)
  object space 21504K, 92% used [0x00000000b0000000,0x00000000b136d4e8,0x00000000b1500000)
Event: 6.038 GC heap after
Heap after GC invocations=4 (full 0):
 PSYoungGen      total 62976K, used 4592K [0x00000000eaa80000, 0x00000000eec80000, 0x0000000100000000)
  eden space 58368K, 0% used [0x00000000eaa80000,0x00000000eaa80000,0x00000000ee380000)
  from space 4608K, 99% used [0x00000000ee800000,0x00000000eec7c160,0x00000000eec80000)
  to   space 4608K, 0% used [0x00000000ee380000,0x00000000ee380000,0x00000000ee800000)
 ParOldGen       total 75776K, used 7338K [0x00000000c0000000, 0x00000000c4a00000, 0x00000000eaa80000)
  object space 75776K, 9% used [0x00000000c0000000,0x00000000c072ab28,0x00000000c4a00000)
 PSPermGen       total 21504K, used 19893K [0x00000000b0000000, 0x00000000b1500000, 0x00000000c0000000)
  object space 21504K, 92% used [0x00000000b0000000,0x00000000b136d4e8,0x00000000b1500000)
}
Event: 7.932 GC heap before
{Heap before GC invocations=5 (full 0):
 PSYoungGen      total 62976K, used 62960K [0x00000000eaa80000, 0x00000000eec80000, 0x0000000100000000)
  eden space 58368K, 100% used [0x00000000eaa80000,0x00000000ee380000,0x00000000ee380000)
  from space 4608K, 99% used [0x00000000ee800000,0x00000000eec7c160,0x00000000eec80000)
  to   space 4608K, 0% used [0x00000000ee380000,0x00000000ee380000,0x00000000ee800000)
 ParOldGen       total 75776K, used 7338K [0x00000000c0000000, 0x00000000c4a00000, 0x00000000eaa80000)
  object space 75776K, 9% used [0x00000000c0000000,0x00000000c072ab28,0x00000000c4a00000)
 PSPermGen       total 25088K, used 24605K [0x00000000b0000000, 0x00000000b1880000, 0x00000000c0000000)
  object space 25088K, 98% used [0x00000000b0000000,0x00000000b18075a0,0x00000000b1880000)
Event: 7.964 GC heap after
Heap after GC invocations=5 (full 0):
 PSYoungGen      total 62976K, used 4596K [0x00000000eaa80000, 0x00000000f3580000, 0x0000000100000000)
  eden space 58368K, 0% used [0x00000000eaa80000,0x00000000eaa80000,0x00000000ee380000)
  from space 4608K, 99% used [0x00000000ee380000,0x00000000ee7fd010,0x00000000ee800000)
  to   space 12800K, 0% used [0x00000000f2900000,0x00000000f2900000,0x00000000f3580000)
 ParOldGen       total 75776K, used 13749K [0x00000000c0000000, 0x00000000c4a00000, 0x00000000eaa80000)
  object space 75776K, 18% used [0x00000000c0000000,0x00000000c0d6d660,0x00000000c4a00000)
 PSPermGen       total 25088K, used 24605K [0x00000000b0000000, 0x00000000b1880000, 0x00000000c0000000)
  object space 25088K, 98% used [0x00000000b0000000,0x00000000b18075a0,0x00000000b1880000)
}

